Puma starting in single mode...
* Version 3.6.0 (ruby 2.2.3-p173), codename: Sleepy Sunday Serenity
* Min threads: 5, max threads: 5
* Environment: production
* Daemonizing...
Puma starting in single mode...
* Version 3.6.0 (ruby 2.2.3-p173), codename: Sleepy Sunday Serenity
* Min threads: 5, max threads: 5
* Environment: production
* Daemonizing...
Puma starting in single mode...
* Version 3.6.0 (ruby 2.2.3-p173), codename: Sleepy Sunday Serenity
* Min threads: 5, max threads: 5
* Environment: production
* Daemonizing...
Puma starting in single mode...
* Version 3.6.0 (ruby 2.2.3-p173), codename: Sleepy Sunday Serenity
* Min threads: 5, max threads: 5
* Environment: production
* Daemonizing...
Puma starting in single mode...
* Version 3.6.0 (ruby 2.2.3-p173), codename: Sleepy Sunday Serenity
* Min threads: 5, max threads: 5
* Environment: production
* Daemonizing...
Puma starting in single mode...
* Version 3.6.0 (ruby 2.2.3-p173), codename: Sleepy Sunday Serenity
* Min threads: 5, max threads: 5
* Environment: production
* Daemonizing...
